лист. 16, 2022 5:13:35 ПП org.example.Main main
ALL: Підключення
лист. 16, 2022 5:13:36 ПП DAO.SQLServerDAOFactory setProperties
INFO: Встановлення параметрів для з'єдання з БД
лист. 16, 2022 5:13:36 ПП DAO.SQLServerDAOFactory getConnection
CONFIG: Спроба створити з'єднання з БД
лист. 16, 2022 5:13:36 ПП DAO.SQLServerDAOFactory getConnection
FINE: Спроба створити з'єднання з БД пройшла успішно
лист. 16, 2022 5:13:36 ПП DAO.AdmDAO setConnection
CONFIG: AdmDAO встановлює підключення до БД
лист. 16, 2022 5:13:36 ПП DAO.AdmDAO createPlayRoom
CONFIG: Ініціалізація ігрової кімнати
лист. 16, 2022 5:13:43 ПП PlayRoom.PlayRoom$ToyList getActualMoney
INFO: Виведення фактичної ціни усіх іграшок
лист. 16, 2022 5:13:43 ПП PlayRoom.PlayRoom$ToyList getActualMoney
SEVERE: Спершу потрібно створити список іграшок!
лист. 16, 2022 5:14:04 ПП PlayRoom.PlayRoom registerChild
INFO: Реєстрація дитини
лист. 16, 2022 5:14:04 ПП PlayRoom.PlayRoom registerChild
FINE: Реєстрація успішна, так як дітей у кімнаті менше за 20
лист. 16, 2022 5:14:33 ПП DAO.AdmDAO getToyList
INFO: AdmDAO повертає об'єкт ToyList
лист. 16, 2022 5:14:33 ПП PlayRoom.AbstractToyList allToysByAgeGroup
INFO: Пошук усіх іграшок у БД з віковою групою TODDLER
лист. 16, 2022 5:14:33 ПП DAO.AdmDAO getToyList
INFO: AdmDAO повертає об'єкт ToyList
лист. 16, 2022 5:14:33 ПП PlayRoom.AbstractToyList allToysByAgeGroup
INFO: Пошук усіх іграшок у БД з віковою групою MIDDLECHILD
лист. 16, 2022 5:14:33 ПП DAO.AdmDAO getToyList
INFO: AdmDAO повертає об'єкт ToyList
лист. 16, 2022 5:14:33 ПП PlayRoom.AbstractToyList allToysByAgeGroup
INFO: Пошук усіх іграшок у БД з віковою групою TEENAGER
лист. 16, 2022 5:14:33 ПП PlayRoom.PlayRoom$ToyList CreateToyMap
INFO: Спроба підібрати список іграшок
лист. 16, 2022 5:14:33 ПП PlayRoom.PlayRoom autoPrepRoom
INFO: Автоматичний підбір вікових груп
лист. 16, 2022 5:14:33 ПП PlayRoom.PlayRoom$ToyList CreateToyMap
INFO: Список успішно підібрано
лист. 16, 2022 5:14:33 ПП DAO.AdmDAO getToyList
INFO: AdmDAO повертає об'єкт ToyList
лист. 16, 2022 5:14:33 ПП PlayRoom.AbstractToyList allToysByAgeGroup
INFO: Пошук усіх іграшок у БД з віковою групою TODDLER
лист. 16, 2022 5:14:33 ПП DAO.AdmDAO getToyList
INFO: AdmDAO повертає об'єкт ToyList
лист. 16, 2022 5:14:33 ПП PlayRoom.AbstractToyList allToysByAgeGroup
INFO: Пошук усіх іграшок у БД з віковою групою MIDDLECHILD
лист. 16, 2022 5:14:33 ПП DAO.AdmDAO getToyList
INFO: AdmDAO повертає об'єкт ToyList
лист. 16, 2022 5:14:33 ПП PlayRoom.AbstractToyList allToysByAgeGroup
INFO: Пошук усіх іграшок у БД з віковою групою TEENAGER
лист. 16, 2022 5:14:33 ПП PlayRoom.PlayRoom$ToyList getActualMoney
INFO: Виведення фактичної ціни усіх іграшок
лист. 16, 2022 5:15:03 ПП PlayRoom.PlayRoom startGroup
CONFIG: Спроба відкриття кімнати
лист. 16, 2022 5:15:03 ПП PlayRoom.PlayRoom startGroup
FINE: Кімнату успішно відкрито, заповнюються місця для зареєстрованих дітей
лист. 16, 2022 5:15:03 ПП PlayRoom.PlayRoom addChildren
INFO: Додавання в БД зареєстрованих дітей
лист. 16, 2022 5:15:03 ПП PlayRoom.AbstractToyList approveList
CONFIG: Перевірка, чи можна підтвердити список іграшок
лист. 16, 2022 5:15:03 ПП PlayRoom.AbstractToyList addToys
INFO: Заповнення кімнати підібраним списком іграшок
лист. 16, 2022 5:16:49 ПП PlayRoom.PlayRoom ChildrenList
INFO: Виведення списку зареєстрованих дітей
лист. 16, 2022 5:18:23 ПП DAO.AdmDAO getToyList
INFO: AdmDAO повертає об'єкт ToyList
лист. 16, 2022 5:18:23 ПП PlayRoom.AbstractToyList allToysByAgeGroup
INFO: Пошук усіх іграшок у БД з віковою групою TODDLER
лист. 16, 2022 5:18:23 ПП DAO.AdmDAO getToyList
INFO: AdmDAO повертає об'єкт ToyList
лист. 16, 2022 5:18:23 ПП PlayRoom.AbstractToyList allToysByAgeGroup
INFO: Пошук усіх іграшок у БД з віковою групою MIDDLECHILD
лист. 16, 2022 5:18:23 ПП DAO.AdmDAO getToyList
INFO: AdmDAO повертає об'єкт ToyList
лист. 16, 2022 5:18:23 ПП PlayRoom.AbstractToyList allToysByAgeGroup
INFO: Пошук усіх іграшок у БД з віковою групою TEENAGER
лист. 16, 2022 5:18:23 ПП PlayRoom.PlayRoom$ToyList getActualMoney
INFO: Виведення фактичної ціни усіх іграшок
лист. 16, 2022 5:18:34 ПП PlayRoom.AbstractToyList toysInRoom
INFO: Виведення усіх іграшок з БД, які є у кімнаті
лист. 16, 2022 5:18:34 ПП PlayRoom.PlayRoom$ToyList getActualMoney
INFO: Виведення фактичної ціни усіх іграшок
лист. 16, 2022 5:19:07 ПП PlayRoom.AbstractToyList sortToysByPrice
INFO: Сортування іграшок, що у кімнаті, за ціною
лист. 16, 2022 5:19:07 ПП PlayRoom.PlayRoom$ToyList getActualMoney
INFO: Виведення фактичної ціни усіх іграшок
лист. 16, 2022 5:19:13 ПП PlayRoom.AbstractToyList sortToysByAgeGroup
INFO: Сортування іграшок, що у кімнаті, за віковою групою
лист. 16, 2022 5:19:13 ПП PlayRoom.PlayRoom$ToyList getActualMoney
INFO: Виведення фактичної ціни усіх іграшок
лист. 16, 2022 5:19:16 ПП DAO.AdmDAO getToyList
INFO: AdmDAO повертає об'єкт ToyList
лист. 16, 2022 5:19:16 ПП PlayRoom.AbstractToyList allToysByAgeGroup
INFO: Пошук усіх іграшок у БД з віковою групою TODDLER
лист. 16, 2022 5:19:16 ПП DAO.AdmDAO getToyList
INFO: AdmDAO повертає об'єкт ToyList
лист. 16, 2022 5:19:16 ПП PlayRoom.AbstractToyList allToysByAgeGroup
INFO: Пошук усіх іграшок у БД з віковою групою MIDDLECHILD
лист. 16, 2022 5:19:16 ПП DAO.AdmDAO getToyList
INFO: AdmDAO повертає об'єкт ToyList
лист. 16, 2022 5:19:16 ПП PlayRoom.AbstractToyList allToysByAgeGroup
INFO: Пошук усіх іграшок у БД з віковою групою TEENAGER
лист. 16, 2022 5:19:16 ПП PlayRoom.PlayRoom$ToyList getActualMoney
INFO: Виведення фактичної ціни усіх іграшок
лист. 16, 2022 5:19:21 ПП DAO.AdmDAO getToyList
INFO: AdmDAO повертає об'єкт ToyList
лист. 16, 2022 5:19:21 ПП PlayRoom.AbstractToyList allToysByAgeGroup
INFO: Пошук усіх іграшок у БД з віковою групою TODDLER
лист. 16, 2022 5:19:21 ПП DAO.AdmDAO getToyList
INFO: AdmDAO повертає об'єкт ToyList
лист. 16, 2022 5:19:21 ПП PlayRoom.AbstractToyList allToysByAgeGroup
INFO: Пошук усіх іграшок у БД з віковою групою MIDDLECHILD
лист. 16, 2022 5:19:21 ПП DAO.AdmDAO getToyList
INFO: AdmDAO повертає об'єкт ToyList
лист. 16, 2022 5:19:21 ПП PlayRoom.AbstractToyList allToysByAgeGroup
INFO: Пошук усіх іграшок у БД з віковою групою TEENAGER
лист. 16, 2022 5:19:21 ПП PlayRoom.PlayRoom$ToyList getActualMoney
INFO: Виведення фактичної ціни усіх іграшок
лист. 16, 2022 5:19:34 ПП PlayRoom.AbstractToyList sortToysByAgeGroup
INFO: Сортування іграшок, що у кімнаті, за віковою групою
лист. 16, 2022 5:19:34 ПП PlayRoom.PlayRoom$ToyList getActualMoney
INFO: Виведення фактичної ціни усіх іграшок
лист. 16, 2022 5:22:05 ПП PlayRoom.AbstractToyList sortToysByAmount
INFO: Сортування іграшок, що у кімнаті, за кількістю
лист. 16, 2022 5:22:05 ПП PlayRoom.PlayRoom$ToyList getActualMoney
INFO: Виведення фактичної ціни усіх іграшок
